SQL> alter session set	NLS_DATE_FORMAT = 'MM-DD-YYYY';

Session altered.

SQL> --
SQL> insert into branch values(0, 'Old Kent Road', 10, 885414789, '06-22-1999');

1 row created.

SQL> insert into branch values(1, 'Boardwalk', 56, 996533256, '01-01-1975');

1 row created.

SQL> insert into branch values(2, 'Parks Place', 89, 332547852, '02-18-2019');

1 row created.

SQL> --
SQL> insert into employee values(885414789, 'Steve Tyler', 1, '06-22-199');

1 row created.

SQL> insert into employee values(996533256, 'Larry Kotman', 0, '01-01-1975');

1 row created.

SQL> insert into employee values(332547852, 'Julia Hildebrand', 2, '02-18-2019');

1 row created.

SQL> --
SQL> /* Invalid employee ssn */
SQL> insert into employee values(123abZH28, 'Grant Iverson', 0, '04-12-2018');
insert into employee values(123abZH28, 'Grant Iverson', 0, '04-12-2018')
                               *
ERROR at line 1:
ORA-00917: missing comma 


SQL> --
SQL> insert into car values(1962, 'Toyota Prius', 'economy', 86, 'black', 'RED69323', 2015, 1);

1 row created.

SQL> insert into car values(74656, 'BMW M3', 'premium', 212, 'yellow', 'DISCO5', 2019, 0);

1 row created.

SQL> insert into car values(2771, 'Rolls Royce Phantom', 'luxury', 555, 'gold', 'OPC 1546', 2016, 2);

1 row created.

SQL> insert into car values(8008, 'Oldsmobile Grantmobile','premium', 250, 'hot pink', 'NCC 1701',1995, 1);

1 row created.

SQL> /*
SQL> This next one is an invalid data point
SQL> */
SQL> insert into car values(4003, 'Yugo', 'garbage tier', 99, 'white', 'SOVIET1', 1975, 0);
insert into car values(4003, 'Yugo', 'garbage tier', 99, 'white', 'SOVIET1', 1975, 0)
*
ERROR at line 1:
ORA-02290: check constraint (BAASDAV.CARIC1) violated 


SQL> --
SQL> insert into repair_shop values(123, 25, '606 Laker Lane, MI');

1 row created.

SQL> insert into repair_shop values(399, 32, '4017 Lubber Street, MI');

1 row created.

SQL> --
SQL> insert into service values(123, 1962, '03-27-2019', 250, 'Broken headlight');

1 row created.

SQL> insert into service values(123, 74656, '10-13-2018', 75, 'Oil change');

1 row created.

SQL> insert into service values(399, 2771, '06-07-2018', 200, 'New door handle');

1 row created.

SQL> insert into service values(399, 1962, '02-19-2019', 25, 'New air filter');

1 row created.

SQL> /*Next one is invalid data entry (car serial num does not exist)*/
SQL> insert into service values(399, 77777, '01-01-2019', 100, 'Invalid entry');
insert into service values(399, 77777, '01-01-2019', 100, 'Invalid entry')
*
ERROR at line 1:
ORA-02291: integrity constraint (BAASDAV.SERVICEIC2) violated - parent key not 
found 


SQL> --
SQL> insert into repair_history values(74656, 2018, 75, 1);

1 row created.

SQL> insert into repair_history values(2771, 2018, 400, 2);

1 row created.

SQL> insert into repair_history values(1962, 2019, 275, 2);

1 row created.

SQL> insert into repair_history values(1962, 2018, 350, 3);

1 row created.

SQL> insert into repair_history values(1962, 2017, 600, 1);

1 row created.

SQL> /* Next one is invalid data entry (serial and year have already been entered*/
SQL> insert into repair_history values(1962, 2017, 100, 1);
insert into repair_history values(1962, 2017, 100, 1)
*
ERROR at line 1:
ORA-00001: unique constraint (BAASDAV.SYS_C00691866) violated 


SQL> --
SQL> 
SQL> COMMIT;

Commit complete.

SQL> SET ECHO OFF
